<?xml version="1.0" encoding="UTF-8"?>
<testsuite name="StringTransformerGroupTest" tests="2" skipped="0" failures="0" errors="0" timestamp="2023-11-08T10:29:47" hostname="feup-b307d25" time="0.013">
  <properties/>
  <testcase name="transformerGroup()" classname="StringTransformerGroupTest" time="0.01"/>
  <testcase name="transformerComposite()" classname="StringTransformerGroupTest" time="0.001"/>
  <system-out><![CDATA[]]></system-out>
  <system-err><![CDATA[]]></system-err>
</testsuite>
